Number of steps: 500
Update Matrix <4,4>: [
  1.000000,	  0.000000,	  0.005000,	  0.000000,	
  0.000000,	  1.000000,	  0.000000,	  0.005000,	
  0.000000,	  0.000000,	  1.000000,	  0.000000,	
  0.000000,	  0.000000,	  0.000000,	  1.000000,	
]
Force Vector <4> : [
  0.000000,
  0.000000,
  0.000000,
  -0.049050,
]
Initial State <4> : [
  0.000000,
  0.000000,
  10.000000,
  10.000000,
]
Results <500,4>: [
  0.050000,	  0.050000,	  10.000000,	  9.950950,	
  0.100000,	  0.099755,	  10.000000,	  9.901899,	
  0.150000,	  0.149264,	  10.000000,	  9.852849,	
  0.200000,	  0.198528,	  10.000000,	  9.803799,	
  0.250000,	  0.247547,	  10.000000,	  9.754748,	
  0.300000,	  0.296321,	  10.000000,	  9.705698,	
  0.350000,	  0.344850,	  10.000000,	  9.656648,	
  0.400000,	  0.393133,	  10.000000,	  9.607597,	
  0.450000,	  0.441171,	  10.000000,	  9.558547,	
  0.500000,	  0.488964,	  10.000000,	  9.509497,	
  0.550000,	  0.536511,	  10.000000,	  9.460446,	
  0.600000,	  0.583813,	  10.000000,	  9.411396,	
  0.650000,	  0.630870,	  10.000000,	  9.362346,	
  0.700000,	  0.677682,	  10.000000,	  9.313295,	
  0.750000,	  0.724249,	  10.000000,	  9.264245,	
  0.800000,	  0.770570,	  10.000000,	  9.215195,	
  0.850000,	  0.816646,	  10.000000,	  9.166144,	
  0.900000,	  0.862477,	  10.000000,	  9.117094,	
  0.950000,	  0.908062,	  10.000000,	  9.068044,	
  1.000000,	  0.953402,	  10.000000,	  9.018993,	
  1.050000,	  0.998497,	  10.000000,	  8.969943,	
  1.100000,	  1.043347,	  10.000000,	  8.920893,	
  1.150000,	  1.087951,	  10.000000,	  8.871842,	
  1.200000,	  1.132311,	  10.000000,	  8.822792,	
  1.250000,	  1.176425,	  10.000000,	  8.773742,	
  1.300000,	  1.220293,	  10.000000,	  8.724691,	
  1.350000,	  1.263917,	  10.000000,	  8.675641,	
  1.400000,	  1.307295,	  10.000000,	  8.626591,	
  1.450000,	  1.350428,	  10.000000,	  8.577540,	
  1.500000,	  1.393315,	  10.000000,	  8.528490,	
  1.550000,	  1.435958,	  10.000000,	  8.479440,	
  1.600000,	  1.478355,	  10.000000,	  8.430389,	
  1.649999,	  1.520507,	  10.000000,	  8.381339,	
  1.699999,	  1.562414,	  10.000000,	  8.332289,	
  1.749999,	  1.604075,	  10.000000,	  8.283238,	
  1.799999,	  1.645491,	  10.000000,	  8.234188,	
  1.849999,	  1.686662,	  10.000000,	  8.185138,	
  1.899999,	  1.727588,	  10.000000,	  8.136087,	
  1.949999,	  1.768268,	  10.000000,	  8.087037,	
  1.999999,	  1.808704,	  10.000000,	  8.037987,	
  2.049999,	  1.848894,	  10.000000,	  7.988937,	
  2.099999,	  1.888838,	  10.000000,	  7.939887,	
  2.149999,	  1.928538,	  10.000000,	  7.890837,	
  2.199999,	  1.967992,	  10.000000,	  7.841787,	
  2.249999,	  2.007201,	  10.000000,	  7.792737,	
  2.299999,	  2.046165,	  10.000000,	  7.743688,	
  2.349999,	  2.084883,	  10.000000,	  7.694638,	
  2.399999,	  2.123356,	  10.000000,	  7.645588,	
  2.449999,	  2.161584,	  10.000000,	  7.596538,	
  2.499999,	  2.199567,	  10.000000,	  7.547488,	
  2.549999,	  2.237304,	  10.000000,	  7.498438,	
  2.599999,	  2.274797,	  10.000000,	  7.449389,	
  2.649999,	  2.312044,	  10.000000,	  7.400339,	
  2.699999,	  2.349045,	  10.000000,	  7.351289,	
  2.749999,	  2.385802,	  10.000000,	  7.302239,	
  2.799999,	  2.422313,	  10.000000,	  7.253189,	
  2.849998,	  2.458579,	  10.000000,	  7.204139,	
  2.899998,	  2.494600,	  10.000000,	  7.155089,	
  2.949998,	  2.530375,	  10.000000,	  7.106040,	
  2.999998,	  2.565905,	  10.000000,	  7.056990,	
  3.049998,	  2.601190,	  10.000000,	  7.007940,	
  3.099998,	  2.636230,	  10.000000,	  6.958890,	
  3.149998,	  2.671024,	  10.000000,	  6.909840,	
  3.199998,	  2.705574,	  10.000000,	  6.860790,	
  3.249998,	  2.739877,	  10.000000,	  6.811740,	
  3.299998,	  2.773936,	  10.000000,	  6.762691,	
  3.349998,	  2.807750,	  10.000000,	  6.713641,	
  3.399998,	  2.841318,	  10.000000,	  6.664591,	
  3.449998,	  2.874641,	  10.000000,	  6.615541,	
  3.499998,	  2.907719,	  10.000000,	  6.566491,	
  3.549998,	  2.940551,	  10.000000,	  6.517441,	
  3.599998,	  2.973138,	  10.000000,	  6.468391,	
  3.649998,	  3.005480,	  10.000000,	  6.419342,	
  3.699998,	  3.037577,	  10.000000,	  6.370292,	
  3.749998,	  3.069428,	  10.000000,	  6.321242,	
  3.799998,	  3.101035,	  10.000000,	  6.272192,	
  3.849998,	  3.132396,	  10.000000,	  6.223142,	
  3.899997,	  3.163511,	  10.000000,	  6.174092,	
  3.949997,	  3.194382,	  10.000000,	  6.125042,	
  3.999997,	  3.225007,	  10.000000,	  6.075993,	
  4.049997,	  3.255387,	  10.000000,	  6.026943,	
  4.099998,	  3.285522,	  10.000000,	  5.977893,	
  4.149998,	  3.315411,	  10.000000,	  5.928843,	
  4.199998,	  3.345055,	  10.000000,	  5.879793,	
  4.249998,	  3.374454,	  10.000000,	  5.830743,	
  4.299998,	  3.403608,	  10.000000,	  5.781693,	
  4.349998,	  3.432517,	  10.000000,	  5.732644,	
  4.399999,	  3.461180,	  10.000000,	  5.683594,	
  4.449999,	  3.489598,	  10.000000,	  5.634544,	
  4.499999,	  3.517771,	  10.000000,	  5.585494,	
  4.549999,	  3.545698,	  10.000000,	  5.536444,	
  4.599999,	  3.573380,	  10.000000,	  5.487394,	
  4.650000,	  3.600817,	  10.000000,	  5.438344,	
  4.700000,	  3.628009,	  10.000000,	  5.389295,	
  4.750000,	  3.654955,	  10.000000,	  5.340245,	
  4.800000,	  3.681657,	  10.000000,	  5.291195,	
  4.850000,	  3.708112,	  10.000000,	  5.242145,	
  4.900001,	  3.734323,	  10.000000,	  5.193095,	
  4.950001,	  3.760289,	  10.000000,	  5.144045,	
  5.000001,	  3.786009,	  10.000000,	  5.094995,	
  5.050001,	  3.811484,	  10.000000,	  5.045946,	
  5.100001,	  3.836714,	  10.000000,	  4.996896,	
  5.150002,	  3.861698,	  10.000000,	  4.947846,	
  5.200002,	  3.886437,	  10.000000,	  4.898796,	
  5.250002,	  3.910931,	  10.000000,	  4.849746,	
  5.300002,	  3.935180,	  10.000000,	  4.800696,	
  5.350002,	  3.959184,	  10.000000,	  4.751647,	
  5.400002,	  3.982942,	  10.000000,	  4.702597,	
  5.450003,	  4.006455,	  10.000000,	  4.653547,	
  5.500003,	  4.029723,	  10.000000,	  4.604497,	
  5.550003,	  4.052745,	  10.000000,	  4.555447,	
  5.600003,	  4.075522,	  10.000000,	  4.506397,	
  5.650003,	  4.098054,	  10.000000,	  4.457347,	
  5.700004,	  4.120341,	  10.000000,	  4.408298,	
  5.750004,	  4.142383,	  10.000000,	  4.359248,	
  5.800004,	  4.164179,	  10.000000,	  4.310198,	
  5.850004,	  4.185730,	  10.000000,	  4.261148,	
  5.900004,	  4.207036,	  10.000000,	  4.212098,	
  5.950005,	  4.228096,	  10.000000,	  4.163048,	
  6.000005,	  4.248911,	  10.000000,	  4.113998,	
  6.050005,	  4.269481,	  10.000000,	  4.064949,	
  6.100005,	  4.289806,	  10.000000,	  4.015899,	
  6.150005,	  4.309886,	  10.000000,	  3.966849,	
  6.200006,	  4.329720,	  10.000000,	  3.917799,	
  6.250006,	  4.349308,	  10.000000,	  3.868748,	
  6.300006,	  4.368652,	  10.000000,	  3.819698,	
  6.350006,	  4.387751,	  10.000000,	  3.770648,	
  6.400006,	  4.406604,	  10.000000,	  3.721598,	
  6.450006,	  4.425212,	  10.000000,	  3.672548,	
  6.500007,	  4.443574,	  10.000000,	  3.623498,	
  6.550007,	  4.461692,	  10.000000,	  3.574448,	
  6.600007,	  4.479564,	  10.000000,	  3.525398,	
  6.650007,	  4.497191,	  10.000000,	  3.476348,	
  6.700007,	  4.514573,	  10.000000,	  3.427298,	
  6.750008,	  4.531709,	  10.000000,	  3.378247,	
  6.800008,	  4.548600,	  10.000000,	  3.329197,	
  6.850008,	  4.565246,	  10.000000,	  3.280147,	
  6.900008,	  4.581647,	  10.000000,	  3.231097,	
  6.950008,	  4.597803,	  10.000000,	  3.182047,	
  7.000009,	  4.613713,	  10.000000,	  3.132997,	
  7.050009,	  4.629378,	  10.000000,	  3.083947,	
  7.100009,	  4.644798,	  10.000000,	  3.034897,	
  7.150009,	  4.659972,	  10.000000,	  2.985847,	
  7.200009,	  4.674901,	  10.000000,	  2.936797,	
  7.250010,	  4.689586,	  10.000000,	  2.887747,	
  7.300010,	  4.704024,	  10.000000,	  2.838696,	
  7.350010,	  4.718218,	  10.000000,	  2.789646,	
  7.400010,	  4.732166,	  10.000000,	  2.740596,	
  7.450010,	  4.745869,	  10.000000,	  2.691546,	
  7.500010,	  4.759327,	  10.000000,	  2.642496,	
  7.550011,	  4.772540,	  10.000000,	  2.593446,	
  7.600011,	  4.785507,	  10.000000,	  2.544396,	
  7.650011,	  4.798229,	  10.000000,	  2.495346,	
  7.700011,	  4.810706,	  10.000000,	  2.446296,	
  7.750011,	  4.822937,	  10.000000,	  2.397246,	
  7.800012,	  4.834923,	  10.000000,	  2.348196,	
  7.850012,	  4.846664,	  10.000000,	  2.299145,	
  7.900012,	  4.858160,	  10.000000,	  2.250095,	
  7.950012,	  4.869411,	  10.000000,	  2.201045,	
  8.000012,	  4.880416,	  10.000000,	  2.151995,	
  8.050013,	  4.891176,	  10.000000,	  2.102945,	
  8.100013,	  4.901690,	  10.000000,	  2.053895,	
  8.150013,	  4.911960,	  10.000000,	  2.004845,	
  8.200013,	  4.921984,	  10.000000,	  1.955795,	
  8.250013,	  4.931763,	  10.000000,	  1.906745,	
  8.300014,	  4.941297,	  10.000000,	  1.857695,	
  8.350014,	  4.950585,	  10.000000,	  1.808645,	
  8.400014,	  4.959629,	  10.000000,	  1.759595,	
  8.450014,	  4.968427,	  10.000000,	  1.710545,	
  8.500014,	  4.976979,	  10.000000,	  1.661495,	
  8.550014,	  4.985287,	  10.000000,	  1.612445,	
  8.600015,	  4.993349,	  10.000000,	  1.563395,	
  8.650015,	  5.001166,	  10.000000,	  1.514345,	
  8.700015,	  5.008738,	  10.000000,	  1.465295,	
  8.750015,	  5.016064,	  10.000000,	  1.416245,	
  8.800015,	  5.023145,	  10.000000,	  1.367195,	
  8.850016,	  5.029981,	  10.000000,	  1.318145,	
  8.900016,	  5.036572,	  10.000000,	  1.269095,	
  8.950016,	  5.042917,	  10.000000,	  1.220045,	
  9.000016,	  5.049017,	  10.000000,	  1.170995,	
  9.050016,	  5.054873,	  10.000000,	  1.121945,	
  9.100017,	  5.060482,	  10.000000,	  1.072895,	
  9.150017,	  5.065846,	  10.000000,	  1.023845,	
  9.200017,	  5.070966,	  10.000000,	  0.974795,	
  9.250017,	  5.075840,	  10.000000,	  0.925745,	
  9.300017,	  5.080468,	  10.000000,	  0.876696,	
  9.350018,	  5.084852,	  10.000000,	  0.827646,	
  9.400018,	  5.088990,	  10.000000,	  0.778596,	
  9.450018,	  5.092883,	  10.000000,	  0.729546,	
  9.500018,	  5.096530,	  10.000000,	  0.680496,	
  9.550018,	  5.099933,	  10.000000,	  0.631446,	
  9.600019,	  5.103090,	  10.000000,	  0.582396,	
  9.650019,	  5.106002,	  10.000000,	  0.533346,	
  9.700019,	  5.108669,	  10.000000,	  0.484296,	
  9.750019,	  5.111091,	  10.000000,	  0.435246,	
  9.800019,	  5.113267,	  10.000000,	  0.386196,	
  9.850019,	  5.115198,	  10.000000,	  0.337146,	
  9.900020,	  5.116884,	  10.000000,	  0.288096,	
  9.950020,	  5.118324,	  10.000000,	  0.239046,	
  10.000020,	  5.119520,	  10.000000,	  0.189996,	
  10.050020,	  5.120470,	  10.000000,	  0.140946,	
  10.100020,	  5.121174,	  10.000000,	  0.091896,	
  10.150021,	  5.121634,	  10.000000,	  0.042846,	
  10.200021,	  5.121848,	  10.000000,	  -0.006204,	
  10.250021,	  5.121817,	  10.000000,	  -0.055254,	
  10.300021,	  5.121541,	  10.000000,	  -0.104304,	
  10.350021,	  5.121019,	  10.000000,	  -0.153354,	
  10.400022,	  5.120253,	  10.000000,	  -0.202404,	
  10.450022,	  5.119241,	  10.000000,	  -0.251454,	
  10.500022,	  5.117983,	  10.000000,	  -0.300504,	
  10.550022,	  5.116481,	  10.000000,	  -0.349554,	
  10.600022,	  5.114733,	  10.000000,	  -0.398604,	
  10.650023,	  5.112740,	  10.000000,	  -0.447654,	
  10.700023,	  5.110502,	  10.000000,	  -0.496704,	
  10.750023,	  5.108018,	  10.000000,	  -0.545754,	
  10.800023,	  5.105289,	  10.000000,	  -0.594804,	
  10.850023,	  5.102315,	  10.000000,	  -0.643854,	
  10.900023,	  5.099096,	  10.000000,	  -0.692904,	
  10.950024,	  5.095632,	  10.000000,	  -0.741954,	
  11.000024,	  5.091922,	  10.000000,	  -0.791004,	
  11.050024,	  5.087967,	  10.000000,	  -0.840054,	
  11.100024,	  5.083766,	  10.000000,	  -0.889104,	
  11.150024,	  5.079321,	  10.000000,	  -0.938154,	
  11.200025,	  5.074630,	  10.000000,	  -0.987204,	
  11.250025,	  5.069694,	  10.000000,	  -1.036254,	
  11.300025,	  5.064513,	  10.000000,	  -1.085304,	
  11.350025,	  5.059086,	  10.000000,	  -1.134354,	
  11.400025,	  5.053414,	  10.000000,	  -1.183404,	
  11.450026,	  5.047497,	  10.000000,	  -1.232454,	
  11.500026,	  5.041335,	  10.000000,	  -1.281504,	
  11.550026,	  5.034927,	  10.000000,	  -1.330554,	
  11.600026,	  5.028275,	  10.000000,	  -1.379604,	
  11.650026,	  5.021377,	  10.000000,	  -1.428654,	
  11.700027,	  5.014233,	  10.000000,	  -1.477704,	
  11.750027,	  5.006845,	  10.000000,	  -1.526754,	
  11.800027,	  4.999211,	  10.000000,	  -1.575804,	
  11.850027,	  4.991332,	  10.000000,	  -1.624854,	
  11.900027,	  4.983208,	  10.000000,	  -1.673904,	
  11.950027,	  4.974838,	  10.000000,	  -1.722954,	
  12.000028,	  4.966224,	  10.000000,	  -1.772004,	
  12.050028,	  4.957364,	  10.000000,	  -1.821054,	
  12.100028,	  4.948258,	  10.000000,	  -1.870104,	
  12.150028,	  4.938908,	  10.000000,	  -1.919154,	
  12.200028,	  4.929312,	  10.000000,	  -1.968204,	
  12.250029,	  4.919471,	  10.000000,	  -2.017254,	
  12.300029,	  4.909385,	  10.000000,	  -2.066304,	
  12.350029,	  4.899054,	  10.000000,	  -2.115354,	
  12.400029,	  4.888477,	  10.000000,	  -2.164404,	
  12.450029,	  4.877655,	  10.000000,	  -2.213454,	
  12.500030,	  4.866588,	  10.000000,	  -2.262504,	
  12.550030,	  4.855275,	  10.000000,	  -2.311554,	
  12.600030,	  4.843718,	  10.000000,	  -2.360604,	
  12.650030,	  4.831914,	  10.000000,	  -2.409654,	
  12.700030,	  4.819866,	  10.000000,	  -2.458704,	
  12.750031,	  4.807573,	  10.000000,	  -2.507755,	
  12.800031,	  4.795034,	  10.000000,	  -2.556805,	
  12.850031,	  4.782250,	  10.000000,	  -2.605855,	
  12.900031,	  4.769221,	  10.000000,	  -2.654905,	
  12.950031,	  4.755946,	  10.000000,	  -2.703955,	
  13.000031,	  4.742426,	  10.000000,	  -2.753005,	
  13.050032,	  4.728662,	  10.000000,	  -2.802055,	
  13.100032,	  4.714651,	  10.000000,	  -2.851105,	
  13.150032,	  4.700396,	  10.000000,	  -2.900155,	
  13.200032,	  4.685895,	  10.000000,	  -2.949205,	
  13.250032,	  4.671149,	  10.000000,	  -2.998255,	
  13.300033,	  4.656157,	  10.000000,	  -3.047306,	
  13.350033,	  4.640921,	  10.000000,	  -3.096356,	
  13.400033,	  4.625439,	  10.000000,	  -3.145406,	
  13.450033,	  4.609712,	  10.000000,	  -3.194456,	
  13.500033,	  4.593740,	  10.000000,	  -3.243506,	
  13.550034,	  4.577522,	  10.000000,	  -3.292556,	
  13.600034,	  4.561059,	  10.000000,	  -3.341606,	
  13.650034,	  4.544352,	  10.000000,	  -3.390656,	
  13.700034,	  4.527398,	  10.000000,	  -3.439706,	
  13.750034,	  4.510200,	  10.000000,	  -3.488756,	
  13.800035,	  4.492756,	  10.000000,	  -3.537807,	
  13.850035,	  4.475067,	  10.000000,	  -3.586857,	
  13.900035,	  4.457132,	  10.000000,	  -3.635907,	
  13.950035,	  4.438953,	  10.000000,	  -3.684957,	
  14.000035,	  4.420528,	  10.000000,	  -3.734007,	
  14.050035,	  4.401858,	  10.000000,	  -3.783057,	
  14.100036,	  4.382943,	  10.000000,	  -3.832107,	
  14.150036,	  4.363782,	  10.000000,	  -3.881157,	
  14.200036,	  4.344376,	  10.000000,	  -3.930207,	
  14.250036,	  4.324725,	  10.000000,	  -3.979257,	
  14.300036,	  4.304829,	  10.000000,	  -4.028307,	
  14.350037,	  4.284687,	  10.000000,	  -4.077357,	
  14.400037,	  4.264300,	  10.000000,	  -4.126407,	
  14.450037,	  4.243668,	  10.000000,	  -4.175457,	
  14.500037,	  4.222791,	  10.000000,	  -4.224507,	
  14.550037,	  4.201668,	  10.000000,	  -4.273557,	
  14.600038,	  4.180301,	  10.000000,	  -4.322607,	
  14.650038,	  4.158688,	  10.000000,	  -4.371656,	
  14.700038,	  4.136829,	  10.000000,	  -4.420706,	
  14.750038,	  4.114726,	  10.000000,	  -4.469756,	
  14.800038,	  4.092377,	  10.000000,	  -4.518806,	
  14.850039,	  4.069783,	  10.000000,	  -4.567856,	
  14.900039,	  4.046944,	  10.000000,	  -4.616906,	
  14.950039,	  4.023860,	  10.000000,	  -4.665956,	
  15.000039,	  4.000530,	  10.000000,	  -4.715005,	
  15.050039,	  3.976955,	  10.000000,	  -4.764055,	
  15.100039,	  3.953135,	  10.000000,	  -4.813105,	
  15.150040,	  3.929069,	  10.000000,	  -4.862155,	
  15.200040,	  3.904758,	  10.000000,	  -4.911205,	
  15.250040,	  3.880202,	  10.000000,	  -4.960255,	
  15.300040,	  3.855401,	  10.000000,	  -5.009305,	
  15.350040,	  3.830354,	  10.000000,	  -5.058354,	
  15.400041,	  3.805063,	  10.000000,	  -5.107404,	
  15.450041,	  3.779526,	  10.000000,	  -5.156454,	
  15.500041,	  3.753743,	  10.000000,	  -5.205504,	
  15.550041,	  3.727716,	  10.000000,	  -5.254554,	
  15.600041,	  3.701443,	  10.000000,	  -5.303604,	
  15.650042,	  3.674925,	  10.000000,	  -5.352654,	
  15.700042,	  3.648162,	  10.000000,	  -5.401703,	
  15.750042,	  3.621153,	  10.000000,	  -5.450753,	
  15.800042,	  3.593899,	  10.000000,	  -5.499803,	
  15.850042,	  3.566401,	  10.000000,	  -5.548853,	
  15.900043,	  3.538656,	  10.000000,	  -5.597903,	
  15.950043,	  3.510667,	  10.000000,	  -5.646953,	
  16.000042,	  3.482432,	  10.000000,	  -5.696002,	
  16.050041,	  3.453952,	  10.000000,	  -5.745052,	
  16.100040,	  3.425227,	  10.000000,	  -5.794102,	
  16.150040,	  3.396256,	  10.000000,	  -5.843152,	
  16.200039,	  3.367040,	  10.000000,	  -5.892202,	
  16.250038,	  3.337579,	  10.000000,	  -5.941252,	
  16.300037,	  3.307873,	  10.000000,	  -5.990302,	
  16.350037,	  3.277922,	  10.000000,	  -6.039351,	
  16.400036,	  3.247725,	  10.000000,	  -6.088401,	
  16.450035,	  3.217283,	  10.000000,	  -6.137451,	
  16.500034,	  3.186596,	  10.000000,	  -6.186501,	
  16.550034,	  3.155663,	  10.000000,	  -6.235551,	
  16.600033,	  3.124485,	  10.000000,	  -6.284601,	
  16.650032,	  3.093062,	  10.000000,	  -6.333651,	
  16.700031,	  3.061394,	  10.000000,	  -6.382700,	
  16.750031,	  3.029481,	  10.000000,	  -6.431750,	
  16.800030,	  2.997322,	  10.000000,	  -6.480800,	
  16.850029,	  2.964918,	  10.000000,	  -6.529850,	
  16.900028,	  2.932269,	  10.000000,	  -6.578900,	
  16.950027,	  2.899374,	  10.000000,	  -6.627950,	
  17.000027,	  2.866234,	  10.000000,	  -6.677000,	
  17.050026,	  2.832849,	  10.000000,	  -6.726049,	
  17.100025,	  2.799219,	  10.000000,	  -6.775099,	
  17.150024,	  2.765344,	  10.000000,	  -6.824149,	
  17.200024,	  2.731223,	  10.000000,	  -6.873199,	
  17.250023,	  2.696857,	  10.000000,	  -6.922249,	
  17.300022,	  2.662246,	  10.000000,	  -6.971299,	
  17.350021,	  2.627389,	  10.000000,	  -7.020349,	
  17.400021,	  2.592288,	  10.000000,	  -7.069398,	
  17.450020,	  2.556941,	  10.000000,	  -7.118448,	
  17.500019,	  2.521348,	  10.000000,	  -7.167498,	
  17.550018,	  2.485511,	  10.000000,	  -7.216548,	
  17.600018,	  2.449428,	  10.000000,	  -7.265598,	
  17.650017,	  2.413100,	  10.000000,	  -7.314648,	
  17.700016,	  2.376527,	  10.000000,	  -7.363698,	
  17.750015,	  2.339708,	  10.000000,	  -7.412747,	
  17.800014,	  2.302644,	  10.000000,	  -7.461797,	
  17.850014,	  2.265336,	  10.000000,	  -7.510847,	
  17.900013,	  2.227781,	  10.000000,	  -7.559897,	
  17.950012,	  2.189982,	  10.000000,	  -7.608947,	
  18.000011,	  2.151937,	  10.000000,	  -7.657997,	
  18.050011,	  2.113647,	  10.000000,	  -7.707047,	
  18.100010,	  2.075112,	  10.000000,	  -7.756096,	
  18.150009,	  2.036331,	  10.000000,	  -7.805146,	
  18.200008,	  1.997306,	  10.000000,	  -7.854196,	
  18.250008,	  1.958035,	  10.000000,	  -7.903246,	
  18.300007,	  1.918518,	  10.000000,	  -7.952296,	
  18.350006,	  1.878757,	  10.000000,	  -8.001346,	
  18.400005,	  1.838750,	  10.000000,	  -8.050396,	
  18.450005,	  1.798498,	  10.000000,	  -8.099446,	
  18.500004,	  1.758001,	  10.000000,	  -8.148497,	
  18.550003,	  1.717259,	  10.000000,	  -8.197547,	
  18.600002,	  1.676271,	  10.000000,	  -8.246597,	
  18.650002,	  1.635038,	  10.000000,	  -8.295648,	
  18.700001,	  1.593560,	  10.000000,	  -8.344698,	
  18.750000,	  1.551836,	  10.000000,	  -8.393748,	
  18.799999,	  1.509867,	  10.000000,	  -8.442799,	
  18.849998,	  1.467653,	  10.000000,	  -8.491849,	
  18.899998,	  1.425194,	  10.000000,	  -8.540899,	
  18.949997,	  1.382490,	  10.000000,	  -8.589950,	
  18.999996,	  1.339540,	  10.000000,	  -8.639000,	
  19.049995,	  1.296345,	  10.000000,	  -8.688050,	
  19.099995,	  1.252905,	  10.000000,	  -8.737101,	
  19.149994,	  1.209219,	  10.000000,	  -8.786151,	
  19.199993,	  1.165288,	  10.000000,	  -8.835201,	
  19.249992,	  1.121112,	  10.000000,	  -8.884252,	
  19.299992,	  1.076691,	  10.000000,	  -8.933302,	
  19.349991,	  1.032025,	  10.000000,	  -8.982352,	
  19.399990,	  0.987113,	  10.000000,	  -9.031403,	
  19.449989,	  0.941956,	  10.000000,	  -9.080453,	
  19.499989,	  0.896554,	  10.000000,	  -9.129503,	
  19.549988,	  0.850906,	  10.000000,	  -9.178554,	
  19.599987,	  0.805013,	  10.000000,	  -9.227604,	
  19.649986,	  0.758875,	  10.000000,	  -9.276654,	
  19.699986,	  0.712492,	  10.000000,	  -9.325705,	
  19.749985,	  0.665863,	  10.000000,	  -9.374755,	
  19.799984,	  0.618990,	  10.000000,	  -9.423805,	
  19.849983,	  0.571871,	  10.000000,	  -9.472856,	
  19.899982,	  0.524506,	  10.000000,	  -9.521906,	
  19.949982,	  0.476897,	  10.000000,	  -9.570956,	
  19.999981,	  0.429042,	  10.000000,	  -9.620007,	
  20.049980,	  0.380942,	  10.000000,	  -9.669057,	
  20.099979,	  0.332597,	  10.000000,	  -9.718107,	
  20.149979,	  0.284006,	  10.000000,	  -9.767158,	
  20.199978,	  0.235170,	  10.000000,	  -9.816208,	
  20.249977,	  0.186089,	  10.000000,	  -9.865258,	
  20.299976,	  0.136763,	  10.000000,	  -9.914309,	
  20.349976,	  0.087192,	  10.000000,	  -9.963359,	
  20.399975,	  0.037375,	  10.000000,	  -10.012409,	
  20.449974,	  -0.012687,	  10.000000,	  -10.061460,	
  20.499973,	  -0.062995,	  10.000000,	  -10.110510,	
  20.549973,	  -0.113547,	  10.000000,	  -10.159560,	
  20.599972,	  -0.164345,	  10.000000,	  -10.208611,	
  20.649971,	  -0.215388,	  10.000000,	  -10.257661,	
  20.699970,	  -0.266676,	  10.000000,	  -10.306711,	
  20.749969,	  -0.318210,	  10.000000,	  -10.355762,	
  20.799969,	  -0.369989,	  10.000000,	  -10.404812,	
  20.849968,	  -0.422013,	  10.000000,	  -10.453862,	
  20.899967,	  -0.474282,	  10.000000,	  -10.502913,	
  20.949966,	  -0.526797,	  10.000000,	  -10.551963,	
  20.999966,	  -0.579556,	  10.000000,	  -10.601013,	
  21.049965,	  -0.632561,	  10.000000,	  -10.650064,	
  21.099964,	  -0.685812,	  10.000000,	  -10.699114,	
  21.149963,	  -0.739307,	  10.000000,	  -10.748164,	
  21.199963,	  -0.793048,	  10.000000,	  -10.797215,	
  21.249962,	  -0.847034,	  10.000000,	  -10.846265,	
  21.299961,	  -0.901266,	  10.000000,	  -10.895315,	
  21.349960,	  -0.955742,	  10.000000,	  -10.944366,	
  21.399960,	  -1.010464,	  10.000000,	  -10.993416,	
  21.449959,	  -1.065431,	  10.000000,	  -11.042466,	
  21.499958,	  -1.120643,	  10.000000,	  -11.091516,	
  21.549957,	  -1.176101,	  10.000000,	  -11.140567,	
  21.599957,	  -1.231804,	  10.000000,	  -11.189617,	
  21.649956,	  -1.287752,	  10.000000,	  -11.238667,	
  21.699955,	  -1.343945,	  10.000000,	  -11.287718,	
  21.749954,	  -1.400384,	  10.000000,	  -11.336768,	
  21.799953,	  -1.457068,	  10.000000,	  -11.385818,	
  21.849953,	  -1.513997,	  10.000000,	  -11.434869,	
  21.899952,	  -1.571171,	  10.000000,	  -11.483919,	
  21.949951,	  -1.628591,	  10.000000,	  -11.532969,	
  21.999950,	  -1.686256,	  10.000000,	  -11.582020,	
  22.049950,	  -1.744166,	  10.000000,	  -11.631070,	
  22.099949,	  -1.802321,	  10.000000,	  -11.680120,	
  22.149948,	  -1.860722,	  10.000000,	  -11.729171,	
  22.199947,	  -1.919367,	  10.000000,	  -11.778221,	
  22.249947,	  -1.978258,	  10.000000,	  -11.827271,	
  22.299946,	  -2.037395,	  10.000000,	  -11.876322,	
  22.349945,	  -2.096776,	  10.000000,	  -11.925372,	
  22.399944,	  -2.156403,	  10.000000,	  -11.974422,	
  22.449944,	  -2.216275,	  10.000000,	  -12.023473,	
  22.499943,	  -2.276393,	  10.000000,	  -12.072523,	
  22.549942,	  -2.336756,	  10.000000,	  -12.121573,	
  22.599941,	  -2.397363,	  10.000000,	  -12.170624,	
  22.649940,	  -2.458216,	  10.000000,	  -12.219674,	
  22.699940,	  -2.519315,	  10.000000,	  -12.268724,	
  22.749939,	  -2.580658,	  10.000000,	  -12.317775,	
  22.799938,	  -2.642247,	  10.000000,	  -12.366825,	
  22.849937,	  -2.704081,	  10.000000,	  -12.415875,	
  22.899937,	  -2.766161,	  10.000000,	  -12.464926,	
  22.949936,	  -2.828485,	  10.000000,	  -12.513976,	
  22.999935,	  -2.891055,	  10.000000,	  -12.563026,	
  23.049934,	  -2.953870,	  10.000000,	  -12.612077,	
  23.099934,	  -3.016931,	  10.000000,	  -12.661127,	
  23.149933,	  -3.080236,	  10.000000,	  -12.710177,	
  23.199932,	  -3.143787,	  10.000000,	  -12.759228,	
  23.249931,	  -3.207583,	  10.000000,	  -12.808278,	
  23.299931,	  -3.271625,	  10.000000,	  -12.857328,	
  23.349930,	  -3.335911,	  10.000000,	  -12.906379,	
  23.399929,	  -3.400443,	  10.000000,	  -12.955429,	
  23.449928,	  -3.465220,	  10.000000,	  -13.004479,	
  23.499928,	  -3.530243,	  10.000000,	  -13.053530,	
  23.549927,	  -3.595510,	  10.000000,	  -13.102580,	
  23.599926,	  -3.661023,	  10.000000,	  -13.151630,	
  23.649925,	  -3.726781,	  10.000000,	  -13.200681,	
  23.699924,	  -3.792785,	  10.000000,	  -13.249731,	
  23.749924,	  -3.859033,	  10.000000,	  -13.298781,	
  23.799923,	  -3.925527,	  10.000000,	  -13.347832,	
  23.849922,	  -3.992266,	  10.000000,	  -13.396882,	
  23.899921,	  -4.059251,	  10.000000,	  -13.445932,	
  23.949921,	  -4.126481,	  10.000000,	  -13.494983,	
  23.999920,	  -4.193955,	  10.000000,	  -13.544033,	
  24.049919,	  -4.261675,	  10.000000,	  -13.593083,	
  24.099918,	  -4.329641,	  10.000000,	  -13.642134,	
  24.149918,	  -4.397851,	  10.000000,	  -13.691184,	
  24.199917,	  -4.466307,	  10.000000,	  -13.740234,	
  24.249916,	  -4.535008,	  10.000000,	  -13.789285,	
  24.299915,	  -4.603955,	  10.000000,	  -13.838335,	
  24.349915,	  -4.673146,	  10.000000,	  -13.887385,	
  24.399914,	  -4.742583,	  10.000000,	  -13.936436,	
  24.449913,	  -4.812265,	  10.000000,	  -13.985486,	
  24.499912,	  -4.882193,	  10.000000,	  -14.034536,	
  24.549911,	  -4.952365,	  10.000000,	  -14.083587,	
  24.599911,	  -5.022783,	  10.000000,	  -14.132637,	
  24.649910,	  -5.093446,	  10.000000,	  -14.181687,	
  24.699909,	  -5.164355,	  10.000000,	  -14.230738,	
  24.749908,	  -5.235508,	  10.000000,	  -14.279788,	
  24.799908,	  -5.306907,	  10.000000,	  -14.328838,	
  24.849907,	  -5.378551,	  10.000000,	  -14.377889,	
  24.899906,	  -5.450441,	  10.000000,	  -14.426939,	
  24.949905,	  -5.522575,	  10.000000,	  -14.475989,	
  24.999905,	  -5.594955,	  10.000000,	  -14.525040,	
]
